CRITICAL - 2026-01-15 10:30:38 --> ErrorException: Undefined variable $b
[Method: GET, Route: barang/edit/1]
in APPPATH\Views\barang\form_edit.php on line 56.
 1 APPPATH\Views\barang\form_edit.php(56): CodeIgniter\Debug\Exceptions->errorHandler(2, 'Undefined variable $b', 'C:\\laragon\\www\\gudang_percetakan\\app\\Views\\barang\\form_edit.php', 56)
 2 SYSTEMPATH\View\View.php(226): include('C:\\laragon\\www\\gudang_percetakan\\app\\Views\\barang\\form_edit.php')
 3 SYSTEMPATH\View\View.php(229): CodeIgniter\View\View->CodeIgniter\View\{closure}()
 4 SYSTEMPATH\Common.php(1167): CodeIgniter\View\View->render('barang/form_edit', [], true)
 5 APPPATH\Controllers\Barang.php(60): view('barang/form_edit', [...])
 6 SYSTEMPATH\CodeIgniter.php(933): App\Controllers\Barang->edit('1')
 7 SYSTEMPATH\CodeIgniter.php(507): CodeIgniter\CodeIgniter->runController(Object(App\Controllers\Barang))
 8 SYSTEMPATH\CodeIgniter.php(354): CodeIgniter\CodeIgniter->handleRequest(null, Object(Config\Cache), false)
 9 SYSTEMPATH\Boot.php(363): CodeIgniter\CodeIgniter->run()
10 SYSTEMPATH\Boot.php(68): CodeIgniter\Boot::runCodeIgniter(Object(CodeIgniter\CodeIgniter))
11 FCPATH\index.php(59): CodeIgniter\Boot::bootWeb(Object(Config\Paths))
CRITICAL - 2026-01-15 10:30:42 --> ErrorException: Undefined variable $b
[Method: GET, Route: barang/edit/1]
in APPPATH\Views\barang\form_edit.php on line 56.
 1 APPPATH\Views\barang\form_edit.php(56): CodeIgniter\Debug\Exceptions->errorHandler(2, 'Undefined variable $b', 'C:\\laragon\\www\\gudang_percetakan\\app\\Views\\barang\\form_edit.php', 56)
 2 SYSTEMPATH\View\View.php(226): include('C:\\laragon\\www\\gudang_percetakan\\app\\Views\\barang\\form_edit.php')
 3 SYSTEMPATH\View\View.php(229): CodeIgniter\View\View->CodeIgniter\View\{closure}()
 4 SYSTEMPATH\Common.php(1167): CodeIgniter\View\View->render('barang/form_edit', [], true)
 5 APPPATH\Controllers\Barang.php(60): view('barang/form_edit', [...])
 6 SYSTEMPATH\CodeIgniter.php(933): App\Controllers\Barang->edit('1')
 7 SYSTEMPATH\CodeIgniter.php(507): CodeIgniter\CodeIgniter->runController(Object(App\Controllers\Barang))
 8 SYSTEMPATH\CodeIgniter.php(354): CodeIgniter\CodeIgniter->handleRequest(null, Object(Config\Cache), false)
 9 SYSTEMPATH\Boot.php(363): CodeIgniter\CodeIgniter->run()
10 SYSTEMPATH\Boot.php(68): CodeIgniter\Boot::runCodeIgniter(Object(CodeIgniter\CodeIgniter))
11 FCPATH\index.php(59): CodeIgniter\Boot::bootWeb(Object(Config\Paths))
CRITICAL - 2026-01-15 10:32:01 --> ErrorException: Undefined variable $b
[Method: GET, Route: barang/edit/1]
in APPPATH\Views\barang\form_edit.php on line 56.
 1 APPPATH\Views\barang\form_edit.php(56): CodeIgniter\Debug\Exceptions->errorHandler(2, 'Undefined variable $b', 'C:\\laragon\\www\\gudang_percetakan\\app\\Views\\barang\\form_edit.php', 56)
 2 SYSTEMPATH\View\View.php(226): include('C:\\laragon\\www\\gudang_percetakan\\app\\Views\\barang\\form_edit.php')
 3 SYSTEMPATH\View\View.php(229): CodeIgniter\View\View->CodeIgniter\View\{closure}()
 4 SYSTEMPATH\Common.php(1167): CodeIgniter\View\View->render('barang/form_edit', [], true)
 5 APPPATH\Controllers\Barang.php(60): view('barang/form_edit', [...])
 6 SYSTEMPATH\CodeIgniter.php(933): App\Controllers\Barang->edit('1')
 7 SYSTEMPATH\CodeIgniter.php(507): CodeIgniter\CodeIgniter->runController(Object(App\Controllers\Barang))
 8 SYSTEMPATH\CodeIgniter.php(354): CodeIgniter\CodeIgniter->handleRequest(null, Object(Config\Cache), false)
 9 SYSTEMPATH\Boot.php(363): CodeIgniter\CodeIgniter->run()
10 SYSTEMPATH\Boot.php(68): CodeIgniter\Boot::runCodeIgniter(Object(CodeIgniter\CodeIgniter))
11 FCPATH\index.php(59): CodeIgniter\Boot::bootWeb(Object(Config\Paths))
CRITICAL - 2026-01-15 10:32:04 --> ErrorException: Undefined variable $b
[Method: GET, Route: barang/edit/1]
in APPPATH\Views\barang\form_edit.php on line 56.
 1 APPPATH\Views\barang\form_edit.php(56): CodeIgniter\Debug\Exceptions->errorHandler(2, 'Undefined variable $b', 'C:\\laragon\\www\\gudang_percetakan\\app\\Views\\barang\\form_edit.php', 56)
 2 SYSTEMPATH\View\View.php(226): include('C:\\laragon\\www\\gudang_percetakan\\app\\Views\\barang\\form_edit.php')
 3 SYSTEMPATH\View\View.php(229): CodeIgniter\View\View->CodeIgniter\View\{closure}()
 4 SYSTEMPATH\Common.php(1167): CodeIgniter\View\View->render('barang/form_edit', [], true)
 5 APPPATH\Controllers\Barang.php(60): view('barang/form_edit', [...])
 6 SYSTEMPATH\CodeIgniter.php(933): App\Controllers\Barang->edit('1')
 7 SYSTEMPATH\CodeIgniter.php(507): CodeIgniter\CodeIgniter->runController(Object(App\Controllers\Barang))
 8 SYSTEMPATH\CodeIgniter.php(354): CodeIgniter\CodeIgniter->handleRequest(null, Object(Config\Cache), false)
 9 SYSTEMPATH\Boot.php(363): CodeIgniter\CodeIgniter->run()
10 SYSTEMPATH\Boot.php(68): CodeIgniter\Boot::runCodeIgniter(Object(CodeIgniter\CodeIgniter))
11 FCPATH\index.php(59): CodeIgniter\Boot::bootWeb(Object(Config\Paths))
CRITICAL - 2026-01-15 10:32:07 --> ErrorException: Undefined variable $b
[Method: GET, Route: barang/edit/1]
in APPPATH\Views\barang\form_edit.php on line 56.
 1 APPPATH\Views\barang\form_edit.php(56): CodeIgniter\Debug\Exceptions->errorHandler(2, 'Undefined variable $b', 'C:\\laragon\\www\\gudang_percetakan\\app\\Views\\barang\\form_edit.php', 56)
 2 SYSTEMPATH\View\View.php(226): include('C:\\laragon\\www\\gudang_percetakan\\app\\Views\\barang\\form_edit.php')
 3 SYSTEMPATH\View\View.php(229): CodeIgniter\View\View->CodeIgniter\View\{closure}()
 4 SYSTEMPATH\Common.php(1167): CodeIgniter\View\View->render('barang/form_edit', [], true)
 5 APPPATH\Controllers\Barang.php(60): view('barang/form_edit', [...])
 6 SYSTEMPATH\CodeIgniter.php(933): App\Controllers\Barang->edit('1')
 7 SYSTEMPATH\CodeIgniter.php(507): CodeIgniter\CodeIgniter->runController(Object(App\Controllers\Barang))
 8 SYSTEMPATH\CodeIgniter.php(354): CodeIgniter\CodeIgniter->handleRequest(null, Object(Config\Cache), false)
 9 SYSTEMPATH\Boot.php(363): CodeIgniter\CodeIgniter->run()
10 SYSTEMPATH\Boot.php(68): CodeIgniter\Boot::runCodeIgniter(Object(CodeIgniter\CodeIgniter))
11 FCPATH\index.php(59): CodeIgniter\Boot::bootWeb(Object(Config\Paths))
CRITICAL - 2026-01-15 10:32:29 --> ErrorException: Undefined variable $b
[Method: GET, Route: barang/edit/1]
in APPPATH\Views\barang\form_edit.php on line 56.
 1 APPPATH\Views\barang\form_edit.php(56): CodeIgniter\Debug\Exceptions->errorHandler(2, 'Undefined variable $b', 'C:\\laragon\\www\\gudang_percetakan\\app\\Views\\barang\\form_edit.php', 56)
 2 SYSTEMPATH\View\View.php(226): include('C:\\laragon\\www\\gudang_percetakan\\app\\Views\\barang\\form_edit.php')
 3 SYSTEMPATH\View\View.php(229): CodeIgniter\View\View->CodeIgniter\View\{closure}()
 4 SYSTEMPATH\Common.php(1167): CodeIgniter\View\View->render('barang/form_edit', [], true)
 5 APPPATH\Controllers\Barang.php(60): view('barang/form_edit', [...])
 6 SYSTEMPATH\CodeIgniter.php(933): App\Controllers\Barang->edit('1')
 7 SYSTEMPATH\CodeIgniter.php(507): CodeIgniter\CodeIgniter->runController(Object(App\Controllers\Barang))
 8 SYSTEMPATH\CodeIgniter.php(354): CodeIgniter\CodeIgniter->handleRequest(null, Object(Config\Cache), false)
 9 SYSTEMPATH\Boot.php(363): CodeIgniter\CodeIgniter->run()
10 SYSTEMPATH\Boot.php(68): CodeIgniter\Boot::runCodeIgniter(Object(CodeIgniter\CodeIgniter))
11 FCPATH\index.php(59): CodeIgniter\Boot::bootWeb(Object(Config\Paths))
CRITICAL - 2026-01-15 10:32:32 --> ErrorException: Undefined variable $b
[Method: GET, Route: barang/edit/1]
in APPPATH\Views\barang\form_edit.php on line 56.
 1 APPPATH\Views\barang\form_edit.php(56): CodeIgniter\Debug\Exceptions->errorHandler(2, 'Undefined variable $b', 'C:\\laragon\\www\\gudang_percetakan\\app\\Views\\barang\\form_edit.php', 56)
 2 SYSTEMPATH\View\View.php(226): include('C:\\laragon\\www\\gudang_percetakan\\app\\Views\\barang\\form_edit.php')
 3 SYSTEMPATH\View\View.php(229): CodeIgniter\View\View->CodeIgniter\View\{closure}()
 4 SYSTEMPATH\Common.php(1167): CodeIgniter\View\View->render('barang/form_edit', [], true)
 5 APPPATH\Controllers\Barang.php(60): view('barang/form_edit', [...])
 6 SYSTEMPATH\CodeIgniter.php(933): App\Controllers\Barang->edit('1')
 7 SYSTEMPATH\CodeIgniter.php(507): CodeIgniter\CodeIgniter->runController(Object(App\Controllers\Barang))
 8 SYSTEMPATH\CodeIgniter.php(354): CodeIgniter\CodeIgniter->handleRequest(null, Object(Config\Cache), false)
 9 SYSTEMPATH\Boot.php(363): CodeIgniter\CodeIgniter->run()
10 SYSTEMPATH\Boot.php(68): CodeIgniter\Boot::runCodeIgniter(Object(CodeIgniter\CodeIgniter))
11 FCPATH\index.php(59): CodeIgniter\Boot::bootWeb(Object(Config\Paths))
CRITICAL - 2026-01-15 10:34:36 --> ErrorException: Undefined variable $b
[Method: GET, Route: barang/edit/1]
in APPPATH\Views\barang\form_edit.php on line 56.
 1 APPPATH\Views\barang\form_edit.php(56): CodeIgniter\Debug\Exceptions->errorHandler(2, 'Undefined variable $b', 'C:\\laragon\\www\\gudang_percetakan\\app\\Views\\barang\\form_edit.php', 56)
 2 SYSTEMPATH\View\View.php(226): include('C:\\laragon\\www\\gudang_percetakan\\app\\Views\\barang\\form_edit.php')
 3 SYSTEMPATH\View\View.php(229): CodeIgniter\View\View->CodeIgniter\View\{closure}()
 4 SYSTEMPATH\Common.php(1167): CodeIgniter\View\View->render('barang/form_edit', [], true)
 5 APPPATH\Controllers\Barang.php(60): view('barang/form_edit', [...])
 6 SYSTEMPATH\CodeIgniter.php(933): App\Controllers\Barang->edit('1')
 7 SYSTEMPATH\CodeIgniter.php(507): CodeIgniter\CodeIgniter->runController(Object(App\Controllers\Barang))
 8 SYSTEMPATH\CodeIgniter.php(354): CodeIgniter\CodeIgniter->handleRequest(null, Object(Config\Cache), false)
 9 SYSTEMPATH\Boot.php(363): CodeIgniter\CodeIgniter->run()
10 SYSTEMPATH\Boot.php(68): CodeIgniter\Boot::runCodeIgniter(Object(CodeIgniter\CodeIgniter))
11 FCPATH\index.php(59): CodeIgniter\Boot::bootWeb(Object(Config\Paths))
